1646854640931	geckodriver	INFO	Listening on 127.0.0.1:35403
1646854641922	mozrunner::runner	INFO	Running command: "/usr/bin/firefox" "--marionette" "-no-remote" "-profile" "/tmp/rust_mozprofilekzA9S8"
1646854643595	Marionette	INFO	Marionette enabled
console.warn: SearchSettings: "get: No settings file exists, new profile?" (new NotFoundError("Could not open the file at /tmp/rust_mozprofilekzA9S8/search.json.mozlz4", (void 0)))
1646854646763	Marionette	INFO	Listening on port 35339
1646854646942	RemoteAgent	WARN	TLS certificate errors will be ignored for this session
1646854728913	Marionette	INFO	Stopped listening on port 35339
JavaScript error: chrome://remote/content/marionette/cert.js, line 55: NS_ERROR_NOT_AVAILABLE: Component returned failure code: 0x80040111 (NS_ERROR_NOT_AVAILABLE) [nsICertOverrideService.setDisableAllSecurityChecksAndLetAttackersInterceptMyData]

###!!! [Parent][PImageBridgeParent] Error: RunMessage(msgname=PImageBridge::Msg_WillClose) Channel closing: too late to send/recv, messages will be lost

1646868477907	geckodriver	INFO	Listening on 127.0.0.1:34479
1646868478899	mozrunner::runner	INFO	Running command: "/usr/bin/firefox" "--marionette" "-no-remote" "-profile" "/tmp/rust_mozprofileo94eeF"
1646868480371	Marionette	INFO	Marionette enabled
console.warn: SearchSettings: "get: No settings file exists, new profile?" (new NotFoundError("Could not open the file at /tmp/rust_mozprofileo94eeF/search.json.mozlz4", (void 0)))
1646868483279	Marionette	INFO	Listening on port 39599
1646868483415	RemoteAgent	WARN	TLS certificate errors will be ignored for this session
JavaScript error: https://selenium.dunossauro.live/aula_11_d.html, line 1: ReferenceError: brython is not defined
1646868719939	Marionette	INFO	Stopped listening on port 39599
1646868861437	geckodriver	INFO	Listening on 127.0.0.1:53621
1646868862448	mozrunner::runner	INFO	Running command: "/usr/bin/firefox" "--marionette" "-no-remote" "-profile" "/tmp/rust_mozprofilek2JNdz"
1646868863480	Marionette	INFO	Marionette enabled
console.warn: SearchSettings: "get: No settings file exists, new profile?" (new NotFoundError("Could not open the file at /tmp/rust_mozprofilek2JNdz/search.json.mozlz4", (void 0)))
1646868866354	Marionette	INFO	Listening on port 35767
1646868866467	RemoteAgent	WARN	TLS certificate errors will be ignored for this session
JavaScript error: https://selenium.dunossauro.live/aula_11_d.html, line 1: ReferenceError: brython is not defined
1646869862694	geckodriver	INFO	Listening on 127.0.0.1:50049
1646869863702	mozrunner::runner	INFO	Running command: "/usr/bin/firefox" "--marionette" "-no-remote" "-profile" "/tmp/rust_mozprofileBLG61K"
1646869864951	Marionette	INFO	Marionette enabled
console.warn: SearchSettings: "get: No settings file exists, new profile?" (new NotFoundError("Could not open the file at /tmp/rust_mozprofileBLG61K/search.json.mozlz4", (void 0)))
1646869867633	Marionette	INFO	Listening on port 40373
1646869867790	RemoteAgent	WARN	TLS certificate errors will be ignored for this session
JavaScript error: https://selenium.dunossauro.live/aula_11_d.html, line 1: ReferenceError: brython is not defined
1646869876891	Marionette	INFO	Stopped listening on port 40373

###!!! [Parent][PImageBridgeParent] Error: RunMessage(msgname=PImageBridge::Msg_WillClose) Channel closing: too late to send/recv, messages will be lost

1646877100144	Marionette	INFO	Stopped listening on port 35767
JavaScript error: resource://gre/modules/Prompter.jsm, line 1189: NS_ERROR_NOT_AVAILABLE: prompt aborted by user
